#-----------------------------------------------------------
# Vivado v2018.3 (64-bit)
# SW Build 2405991 on Thu Dec  6 23:38:27 MST 2018
# IP Build 2404404 on Fri Dec  7 01:43:56 MST 2018
# Start of session at: Wed Jul 21 09:48:11 2021
# Process ID: 9120
# Current directory: C:/Users/Administrator/Desktop/CPU_SingleCycle/CPU_SingleCycle
# Command line: vivado.exe -gui_launcher_event rodinguilauncherevent2060 C:\Users\Administrator\Desktop\CPU_SingleCycle\CPU_SingleCycle\CPU_SingleCycle.xpr
# Log file: C:/Users/Administrator/Desktop/CPU_SingleCycle/CPU_SingleCycle/vivado.log
# Journal file: C:/Users/Administrator/Desktop/CPU_SingleCycle/CPU_SingleCycle\vivado.jou
#-----------------------------------------------------------
start_gui
open_project C:/Users/Administrator/Desktop/CPU_SingleCycle/CPU_SingleCycle/CPU_SingleCycle.xpr
Scanning sources...
Finished scanning sources
INFO: [IP_Flow 19-234] Refreshing IP repositories
INFO: [IP_Flow 19-1704] No user IP repositories specified
INFO: [IP_Flow 19-2313] Loaded Vivado IP repository 'C:/Xilinx/Vivado/2018.3/data/ip'.
WARNING: [IP_Flow 19-2162] IP 'dataRam' is locked:
* Current project part 'xc7a100tfgg484-1' and the part 'xc7k70tfbv676-1' used to customize the IP 'dataRam' do not match.
Please select 'Report IP Status' from the 'Tools/Report' menu or run Tcl command 'report_ip_status' for more information.
WARNING: [IP_Flow 19-2162] IP 'cpuclk' is locked:
* Current project part 'xc7a100tfgg484-1' and the part 'xc7k70tfbv676-1' used to customize the IP 'cpuclk' do not match.
Please select 'Report IP Status' from the 'Tools/Report' menu or run Tcl command 'report_ip_status' for more information.
WARNING: [IP_Flow 19-2162] IP 'prgrom' is locked:
* Current project part 'xc7a100tfgg484-1' and the part 'xc7k70tfbv676-1' used to customize the IP 'prgrom' do not match.
Please select 'Report IP Status' from the 'Tools/Report' menu or run Tcl command 'report_ip_status' for more information.
update_compile_order -fileset sources_1
export_ip_user_files -of_objects  [get_files C:/Users/Administrator/Desktop/CPU_SingleCycle/CPU_SingleCycle/CPU_SingleCycle.srcs/sources_1/ip/prgrom/prgrom.xci] -no_script -reset -force -quiet
remove_files  -fileset prgrom C:/Users/Administrator/Desktop/CPU_SingleCycle/CPU_SingleCycle/CPU_SingleCycle.srcs/sources_1/ip/prgrom/prgrom.xci
INFO: [Project 1-386] Moving file 'C:/Users/Administrator/Desktop/CPU_SingleCycle/CPU_SingleCycle/CPU_SingleCycle.srcs/sources_1/ip/prgrom/prgrom.xci' from fileset 'prgrom' to fileset 'sources_1'.
file delete -force C:/Users/Administrator/Desktop/CPU_SingleCycle/CPU_SingleCycle/CPU_SingleCycle.srcs/sources_1/ip/prgrom
export_ip_user_files -of_objects  [get_files C:/Users/Administrator/Desktop/CPU_SingleCycle/CPU_SingleCycle/CPU_SingleCycle.srcs/sources_1/ip/dataRam/dataRam.xci] -no_script -reset -force -quiet
remove_files  -fileset dataRam C:/Users/Administrator/Desktop/CPU_SingleCycle/CPU_SingleCycle/CPU_SingleCycle.srcs/sources_1/ip/dataRam/dataRam.xci
INFO: [Project 1-386] Moving file 'C:/Users/Administrator/Desktop/CPU_SingleCycle/CPU_SingleCycle/CPU_SingleCycle.srcs/sources_1/ip/dataRam/dataRam.xci' from fileset 'dataRam' to fileset 'sources_1'.
file delete -force C:/Users/Administrator/Desktop/CPU_SingleCycle/CPU_SingleCycle/CPU_SingleCycle.srcs/sources_1/ip/dataRam
add_files -norecurse C:/Users/Administrator/Desktop/CPU_SingleCycle/CPU_SingleCycle/download_test/synthesized_ip/prgrom/prgrom.dcp
update_compile_order -fileset sources_1
add_files -norecurse C:/Users/Administrator/Desktop/CPU_SingleCycle/CPU_SingleCycle/download_test/synthesized_ip/dram/dram.dcp
update_compile_order -fileset sources_1
export_ip_user_files -of_objects  [get_files C:/Users/Administrator/Desktop/CPU_SingleCycle/CPU_SingleCycle/download_test/synthesized_ip/dram/dram.dcp] -no_script -reset -force -quiet
remove_files  C:/Users/Administrator/Desktop/CPU_SingleCycle/CPU_SingleCycle/download_test/synthesized_ip/dram/dram.dcp
add_files -norecurse C:/Users/Administrator/Desktop/CPU_SingleCycle/CPU_SingleCycle/download_test/synthesized_ip/dram/dram.dcp
update_compile_order -fileset sources_1
update_compile_order -fileset sources_1
close [ open C:/Users/Administrator/Desktop/CPU_SingleCycle/CPU_SingleCycle/CPU_SingleCycle.srcs/sources_1/new/top_display.v w ]
add_files C:/Users/Administrator/Desktop/CPU_SingleCycle/CPU_SingleCycle/CPU_SingleCycle.srcs/sources_1/new/top_display.v
update_compile_order -fileset sources_1
update_compile_order -fileset sources_1
export_ip_user_files -of_objects  [get_files C:/Users/Administrator/Desktop/CPU_SingleCycle/CPU_SingleCycle/CPU_SingleCycle.srcs/sources_1/ip/prgrom/data.coe] -no_script -reset -force -quiet
remove_files  C:/Users/Administrator/Desktop/CPU_SingleCycle/CPU_SingleCycle/CPU_SingleCycle.srcs/sources_1/ip/prgrom/data.coe
export_ip_user_files -of_objects  [get_files C:/Users/Administrator/Desktop/CPU_SingleCycle/CPU_SingleCycle/CPU_SingleCycle.srcs/sources_1/ip/prgrom/test.coe] -no_script -reset -force -quiet
remove_files  C:/Users/Administrator/Desktop/CPU_SingleCycle/CPU_SingleCycle/CPU_SingleCycle.srcs/sources_1/ip/prgrom/test.coe
reset_run synth_1
launch_runs synth_1 -jobs 8
[Wed Jul 21 10:19:51 2021] Launched synth_1...
Run output will be captured here: C:/Users/Administrator/Desktop/CPU_SingleCycle/CPU_SingleCycle/CPU_SingleCycle.runs/synth_1/runme.log
launch_runs impl_1 -jobs 8
[Wed Jul 21 10:20:29 2021] Launched impl_1...
Run output will be captured here: C:/Users/Administrator/Desktop/CPU_SingleCycle/CPU_SingleCycle/CPU_SingleCycle.runs/impl_1/runme.log
exit
INFO: [Common 17-206] Exiting Vivado at Wed Jul 21 10:22:40 2021...
