#-----------------------------------------------------------
# Vivado v2018.3 (64-bit)
# SW Build 2405991 on Thu Dec  6 23:38:27 MST 2018
# IP Build 2404404 on Fri Dec  7 01:43:56 MST 2018
# Start of session at: Wed Jul 21 09:37:19 2021
# Process ID: 7908
# Current directory: C:/Users/Administrator/Desktop/CPU_SingleCycle/CPU_SingleCycle
# Command line: vivado.exe -gui_launcher_event rodinguilauncherevent1756 C:\Users\Administrator\Desktop\CPU_SingleCycle\CPU_SingleCycle\CPU_SingleCycle.xpr
# Log file: C:/Users/Administrator/Desktop/CPU_SingleCycle/CPU_SingleCycle/vivado.log
# Journal file: C:/Users/Administrator/Desktop/CPU_SingleCycle/CPU_SingleCycle\vivado.jou
#-----------------------------------------------------------
start_gui
open_project C:/Users/Administrator/Desktop/CPU_SingleCycle/CPU_SingleCycle/CPU_SingleCycle.xpr
Scanning sources...
Finished scanning sources
INFO: [IP_Flow 19-234] Refreshing IP repositories
INFO: [IP_Flow 19-1704] No user IP repositories specified
INFO: [IP_Flow 19-2313] Loaded Vivado IP repository 'C:/Xilinx/Vivado/2018.3/data/ip'.
WARNING: [IP_Flow 19-2162] IP 'dataRam' is locked:
* Current project part 'xc7a100tfgg484-1' and the part 'xc7k70tfbv676-1' used to customize the IP 'dataRam' do not match.
Please select 'Report IP Status' from the 'Tools/Report' menu or run Tcl command 'report_ip_status' for more information.
WARNING: [IP_Flow 19-2162] IP 'cpuclk' is locked:
* Current project part 'xc7a100tfgg484-1' and the part 'xc7k70tfbv676-1' used to customize the IP 'cpuclk' do not match.
Please select 'Report IP Status' from the 'Tools/Report' menu or run Tcl command 'report_ip_status' for more information.
WARNING: [IP_Flow 19-2162] IP 'prgrom' is locked:
* Current project part 'xc7a100tfgg484-1' and the part 'xc7k70tfbv676-1' used to customize the IP 'prgrom' do not match.
Please select 'Report IP Status' from the 'Tools/Report' menu or run Tcl command 'report_ip_status' for more information.
update_compile_order -fileset sources_1
update_compile_order -fileset sources_1
update_compile_order -fileset sources_1
update_compile_order -fileset sources_1
update_compile_order -fileset sources_1
exit
INFO: [Common 17-206] Exiting Vivado at Wed Jul 21 09:47:05 2021...
